Diagnose log at 2025-08-01T02:39:43Z

AppPath: /home/asitha/.dotnet/tools/git-credential-manager
InstallDir: /home/asitha/.dotnet/tools/.store/git-credential-manager/2.6.1/git-credential-manager/2.6.1/tools/net8.0/any/
Version: 2.6.1+786ab03440ddc82e807a97c0e540f5247e44cec6

------------
Diagnostic: Environment
Skipped: False
Success: True
Exception: None
Log:
OSType: Linux
OSVersion: Fedora Linux 42 (Workstation Edition)
Reading environment variables... OK
 Variables:
XDG_SESSION_DESKTOP=gnome
LANG=en_US.UTF-8
XDG_DATA_HOME=/home/asitha/.local/share
LESS_TERMCAP_us=[01;32m
XDG_DATA_DIRS=/home/asitha/.local/share/flatpak/exports/share:/var/lib/flatpak/exports/share:/usr/local/share/:/usr/share/
_=/home/asitha/.dotnet/tools/git-credential-manager
GDM_LANG=en_US.UTF-8
INVOCATION_ID=828e524c4500411e9769ce867b24d36f
SYSTEMD_EXEC_PID=3918
HISTFILESIZE=10000
USERNAME=asitha
COLORTERM=truecolor
SYSTEMD_SLEEP_FREEZE_USER_SESSIONS=0
DBUS_SESSION_BUS_ADDRESS=unix:path=/run/user/1000/bus
LESS_TERMCAP_me=[0m
TERM_PROGRAM=tmux
MEMORY_PRESSURE_WRITE=c29tZSAyMDAwMDAgMjAwMDAwMAA=
DOTNET_ROOT=/usr/lib64/dotnet
XDG_RUNTIME_DIR=/run/user/1000
QT_IM_MODULE=ibus
CLICOLOR=1
GIT_TRACE2_PARENT_SID=f3264f9e-a83c-4d18-95ff-f204f63f8f00
SESSION_MANAGER=local/unix:@/tmp/.ICE-unix/2106,unix/unix:/tmp/.ICE-unix/2106
TERM_PROGRAM_VERSION=3.5a
MOZ_GMP_PATH=/usr/lib64/mozilla/plugins/gmp-gmpopenh264/system-installed
GPG_TTY=/dev/pts/5
LINUXTOOLBOXDIR=/home/asitha/linuxtoolbox
LESSOPEN=||/usr/bin/lesspipe.sh %s
DISPLAY=:0
LESS_TERMCAP_so=[01;44;33m
HISTSIZE=500
MEMORY_PRESSURE_WATCH=/sys/fs/cgroup/user.slice/user-1000.slice/user@1000.service/app.slice/dbus-:1.2-org.gnome.Nautilus@0.service/memory.pressure
STARSHIP_SESSION_KEY=1565630360826913
INSIDE_NAUTILUS_PYTHON=
XDG_CURRENT_DESKTOP=GNOME
XDG_CACHE_HOME=/home/asitha/.cache
XAUTHORITY=/run/user/1000/.mutter-Xwaylandauth.W90OA3
JOURNAL_STREAM=9:34566
STARSHIP_SHELL=bash
TERM=tmux-256color
LESS_TERMCAP_mb=[01;31m
MAIL=/var/spool/mail/asitha
LESS_TERMCAP_se=[0m
WAYLAND_DISPLAY=wayland-0
LS_COLORS=no=00:fi=00:di=00;34:ln=01;36:pi=40;33:so=01;35:do=01;35:bd=40;33;01:cd=40;33;01:or=40;31;01:ex=01;32:*.tar=01;31:*.tgz=01;31:*.arj=01;31:*.taz=01;31:*.lzh=01;31:*.zip=01;31:*.z=01;31:*.Z=01;31:*.gz=01;31:*.bz2=01;31:*.deb=01;31:*.rpm=01;31:*.jar=01;31:*.jpg=01;35:*.jpeg=01;35:*.gif=01;35:*.bmp=01;35:*.pbm=01;35:*.pgm=01;35:*.ppm=01;35:*.tga=01;35:*.xbm=01;35:*.xpm=01;35:*.tif=01;35:*.tiff=01;35:*.png=01;35:*.mov=01;35:*.mpg=01;35:*.mpeg=01;35:*.avi=01;35:*.fli=01;35:*.gl=01;35:*.dl=01;35:*.xcf=01;35:*.xwd=01;35:*.ogg=01;35:*.mp3=01;35:*.wav=01;35:*.xml=00;31:
ALACRITTY_SOCKET=/run/user/1000/Alacritty-wayland-0-32203.sock
TMUX_PANE=%15
XDG_STATE_HOME=/home/asitha/.local/state
VISUAL=nvim
ALACRITTY_LOG=/tmp/Alacritty-32203.log
XDG_SESSION_CLASS=user
DEBUGINFOD_IMA_CERT_PATH=/etc/keys/ima:
MANAGERPID=1951
ALACRITTY_WINDOW_ID=94400114602576
HISTTIMEFORMAT=%F %T
SHELL=/bin/bash
TMUX=/tmp/tmux-1000/default,32221,10
LESS_TERMCAP_md=[01;31m
DESKTOP_SESSION=gnome
GDMSESSION=gnome
LOGNAME=asitha
XMODIFIERS=@im=ibus
GNOME_SETUP_DISPLAY=:1
XDG_MENU_PREFIX=gnome-
LESS_TERMCAP_ue=[0m
SSH_AUTH_SOCK=/run/user/1000/keyring/ssh
PWD=/mnt/Projects/GIT/fedora-Setup
XDG_CONFIG_HOME=/home/asitha/.config
WINDOWID=94115396047440
SHLVL=1
EDITOR=nvim
XDG_SESSION_TYPE=wayland
DOTNET_BUNDLE_EXTRACT_BASE_DIR=/home/asitha/.cache/dotnet_bundle_extract
PATH=/home/asitha/.local/bin:/home/asitha/bin:/usr/local/bin:/usr/bin:/usr/local/sbin:/home/asitha/.dotnet/tools:/home/asitha/.local/bin:/home/asitha/.cargo/bin:/var/lib/flatpak/exports/bin:/.local/share/flatpak/exports/bin:/home/asitha/.dotnet/tools:/home/asitha/.dotnet/tools
HISTCONTROL=erasedups:ignoredups:ignorespace
USER=asitha
DEBUGINFOD_URLS=https://debuginfod.fedoraproject.org/ 
HOME=/home/asitha
HOSTNAME=fedora


------------
Diagnostic: File system
Skipped: False
Success: True
Exception: None
Log:
Temporary directory is '/tmp/'...
Checking basic file I/O...
Writing to temporary file '/tmp/466149d78b5fdc68b049c619'... OK
Reading from temporary file '/tmp/466149d78b5fdc68b049c619'... OK
Deleting temporary file '/tmp/466149d78b5fdc68b049c619'... OK
Testing IFileSystem instance...
UserHomePath: /home/asitha
UserDataDirectoryPath: /home/asitha/.gcm
GetCurrentDirectory(): /mnt/Projects/GIT/fedora-Setup

------------
Diagnostic: Networking
Skipped: False
Success: True
Exception: None
Log:
Checking networking and HTTP stack...
Creating HTTP client... OK
IsNetworkAvailable: True
Sending HEAD request to http://example.com...Sending HEAD request to https://example.com... OK
 OK
Acquiring free TCP port... OK
Testing local HTTP loopback connections...
Creating new HTTP listener for http://localhost:41183/... OK
Waiting for loopback connection... OK
Writing response... OK
Waiting for response data... OK
Loopback connection data OK

------------
Diagnostic: Git
Skipped: False
Success: True
Exception: None
Log:
Getting Git version... OK
Git version is '2.50.1'
Locating current repository...Git repository at '/mnt/Projects/GIT/fedora-Setup/.git'
 OK
Listing all Git configuration... OK
Git configuration:
file:/home/asitha/.gitconfig	user.email=asibro2002@gmail.com
file:/home/asitha/.gitconfig	user.name=AsithaKanchana
file:/home/asitha/.gitconfig	credential.helper=manager-core
file:.git/config	core.repositoryformatversion=0
file:.git/config	core.filemode=true
file:.git/config	core.bare=false
file:.git/config	core.logallrefupdates=true
file:.git/config	remote.origin.url=https://github.com/AsithaKanchana1/fedora-Setup.git
file:.git/config	remote.origin.fetch=+refs/heads/*:refs/remotes/origin/*
file:.git/config	branch.main.remote=origin
file:.git/config	branch.main.merge=refs/heads/main


------------
Diagnostic: Credential storage
Skipped: False
Success: False
Exception:
System.Exception: No credential store has been selected.

Set the GCM_CREDENTIAL_STORE environment variable or the credential.credentialStore Git configuration setting to one of the following options:

  secretservice : freedesktop.org Secret Service (requires graphical interface)
  gpg           : GNU `pass` compatible credential storage (requires GPG and `pass`)
  cache         : Git's in-memory credential cache
  plaintext     : store credentials in plain-text files (UNSECURE)
  none          : disable internal credential storage

See https://aka.ms/gcm/credstores for more information.

   at GitCredentialManager.CredentialStore.EnsureBackingStore()
   at GitCredentialManager.CredentialStore.Remove(String service, String account)
   at GitCredentialManager.Diagnostics.CredentialStoreDiagnostic.RunInternalAsync(StringBuilder log, IList`1 additionalFiles)
   at GitCredentialManager.Diagnostics.Diagnostic.RunAsync()
Log:
ICredentialStore instance is of type: CredentialStore
Writing test credential...Deleting test credential...
------------
Diagnostic: Microsoft authentication (AAD/MSA)
Skipped: False
Success: True
Exception: None
Log:
Broker is not enabled.
Flow type is: Auto
Gathering MSAL token cache data... OK
CacheDirectory: /home/asitha/.local/.IdentityService
CacheFileName: msal.cache
CacheFilePath: /home/asitha/.local/.IdentityService/msal.cache
KeyringCollection: 
KeyringSchemaName: 
KeyringSecretLabel: 
KeyringAttribute1: (,)
KeyringAttribute2: (,)
Creating cache helper... OK
Verifying MSAL token cache persistence... OK

------------
Diagnostic: GitHub API
Skipped: False
Success: True
Exception: None
Log:
Using 'https://github.com/' as API target.
Querying '/meta' endpoint... OK

